<?xml version="1.0" encoding="UTF-8"?>
<!-- Generated by org.testng.reporters.JUnitReportReporter -->
<testsuite skipped="1" hostname="LAP-45302Technology" name="utilsRunner.TestMultiQuote" tests="2" failures="0" timestamp="2022-04-18T17:49:45 IST" time="5.217" errors="1">
  <testcase name="setUpSuite" time="5.217" classname="utilsRunner.TestMultiQuote">
    <error type="org.json.JSONException" message="JSONObject[&quot;uc_colour&quot;] is not a string.">
      <![CDATA[org.json.JSONException: JSONObject["uc_colour"] is not a string.
at org.json.JSONObject.wrongValueFormatException(JSONObject.java:2628)
at org.json.JSONObject.getString(JSONObject.java:863)
at utilsCommonClass.LoanStockList.getLoanStock(LoanStockList.java:79)
at Base.ReportBaseClass.setUpSuite(ReportBaseClass.java:76)
at sun.reflect.NativeMethodAccessorImpl.invoke0(Native Method)
at sun.reflect.NativeMethodAccessorImpl.invoke(NativeMethodAccessorImpl.java:62)
at sun.reflect.DelegatingMethodAccessorImpl.invoke(DelegatingMethodAccessorImpl.java:43)
at java.lang.reflect.Method.invoke(Method.java:498)
at org.testng.internal.MethodInvocationHelper.invokeMethod(MethodInvocationHelper.java:133)
at org.testng.internal.MethodInvocationHelper.invokeMethodConsideringTimeout(MethodInvocationHelper.java:62)
at org.testng.internal.ConfigInvoker.invokeConfigurationMethod(ConfigInvoker.java:385)
at org.testng.internal.ConfigInvoker.invokeConfigurations(ConfigInvoker.java:321)
at org.testng.SuiteRunner.privateRun(SuiteRunner.java:317)
at org.testng.SuiteRunner.run(SuiteRunner.java:276)
at org.testng.SuiteRunnerWorker.runSuite(SuiteRunnerWorker.java:53)
at org.testng.SuiteRunnerWorker.run(SuiteRunnerWorker.java:96)
at org.testng.TestNG.runSuitesSequentially(TestNG.java:1212)
at org.testng.TestNG.runSuitesLocally(TestNG.java:1134)
at org.testng.TestNG.runSuites(TestNG.java:1063)
at org.testng.TestNG.run(TestNG.java:1031)
at org.testng.remote.AbstractRemoteTestNG.run(AbstractRemoteTestNG.java:115)
at org.testng.remote.RemoteTestNG.initAndRun(RemoteTestNG.java:251)
at org.testng.remote.RemoteTestNG.main(RemoteTestNG.java:77)
]]>
    </error>
  </testcase> <!-- setUpSuite -->
  <system-out/>
  <testcase name="testMultiQuote" time="0.000" classname="utilsRunner.TestMultiQuote">
    <skipped/>
  </testcase> <!-- testMultiQuote -->
  <system-out/>
</testsuite> <!-- utilsRunner.TestMultiQuote -->
